[0m14:30:08.253469 [debug] [MainThread]: Sending event: {'category': 'dbt', 'action': 'invocation', 'label': 'start', 'context': [<snowplow_tracker.self_describing_json.SelfDescribingJson object at 0x773f64a5d670>, <snowplow_tracker.self_describing_json.SelfDescribingJson object at 0x773f65150da0>, <snowplow_tracker.self_describing_json.SelfDescribingJson object at 0x773f64a1e8a0>]}


============================== 14:30:08.255991 | 8a0677f3-370a-4673-ade4-8276bba3749a ==============================
[0m14:30:08.255991 [info ] [MainThread]: Running with dbt=1.9.3
[0m14:30:08.256413 [debug] [MainThread]: running dbt with arguments {'printer_width': '80', 'indirect_selection': 'eager', 'write_json': 'True', 'log_cache_events': 'False', 'partial_parse': 'True', 'cache_selected_only': 'False', 'warn_error': 'None', 'version_check': 'True', 'profiles_dir': '/home/hoang/.dbt', 'log_path': 'logs', 'fail_fast': 'False', 'debug': 'False', 'use_colors': 'True', 'use_experimental_parser': 'False', 'no_print': 'None', 'quiet': 'False', 'empty': 'None', 'log_format': 'default', 'static_parser': 'True', 'warn_error_options': 'WarnErrorOptions(include=[], exclude=[])', 'invocation_command': 'dbt init', 'target_path': 'None', 'introspect': 'True', 'send_anonymous_usage_stats': 'True'}
[0m14:30:31.960409 [debug] [MainThread]: Starter project path: /home/hoang/PycharmProjects/stock/.venv/lib/python3.12/site-packages/dbt/include/starter_project
[0m14:30:31.965576 [info ] [MainThread]: 
Your new dbt project "stockwh_01" was created!

For more information on how to configure the profiles.yml file,
please consult the dbt documentation here:

  https://docs.getdbt.com/docs/configure-your-profile

One more thing:

Need help? Don't hesitate to reach out to us via GitHub issues or on Slack:

  https://community.getdbt.com/

Happy modeling!

[0m14:30:31.966592 [info ] [MainThread]: Setting up your profile.
[0m14:30:57.390098 [info ] [MainThread]: Profile stockwh_01 written to /home/hoang/.dbt/profiles.yml using target's profile_template.yml and your supplied values. Run 'dbt debug' to validate the connection.
[0m14:30:57.391440 [debug] [MainThread]: Resource report: {"command_name": "init", "command_success": true, "command_wall_clock_time": 49.1731, "process_in_blocks": "3128", "process_kernel_time": 0.075107, "process_mem_max_rss": "94840", "process_out_blocks": "88", "process_user_time": 0.973394}
[0m14:30:57.391852 [debug] [MainThread]: Command `dbt init` succeeded at 14:30:57.391746 after 49.17 seconds
[0m14:30:57.392170 [debug] [MainThread]: Sending event: {'category': 'dbt', 'action': 'invocation', 'label': 'end', 'context': [<snowplow_tracker.self_describing_json.SelfDescribingJson object at 0x773f65150da0>, <snowplow_tracker.self_describing_json.SelfDescribingJson object at 0x773f64e791f0>, <snowplow_tracker.self_describing_json.SelfDescribingJson object at 0x773f6458f8c0>]}
[0m14:30:57.392483 [debug] [MainThread]: Flushing usage events
[0m14:30:58.481082 [debug] [MainThread]: An error was encountered while trying to flush usage events
